{"contracts\\interfaces\\IOracleAdapter.sol":{"l":{},"path":"D:\\Predichain\\contracts\\interfaces\\IOracleAdapter.sol","s":{},"b":{},"f":{},"fnMap":{},"statementMap":{},"branchMap":{}},"contracts\\OracleAdapter.sol":{"l":{"129":58,"130":56,"137":9,"138":9,"147":33,"148":33,"172":47,"173":46,"176":45,"178":44,"181":44,"182":22,"184":22,"187":5,"189":5,"197":5,"202":39,"210":39,"212":39,"227":9,"228":8,"230":7,"231":7,"232":10,"235":9,"243":9,"245":9,"263":6,"265":6,"266":5,"271":4,"290":4,"292":3,"293":3,"295":2,"296":2,"297":2,"300":2,"301":11,"302":11,"304":11,"306":10,"307":10,"308":10,"311":2,"313":2,"314":2,"316":2,"325":2,"334":1,"350":48,"353":48,"354":48,"355":22,"356":22,"360":48,"367":48,"369":0,"370":0,"372":0,"376":48,"377":48,"379":48,"392":22,"396":22,"398":22,"414":5,"415":4,"416":4,"426":2,"427":2,"438":0},"path":"D:\\Predichain\\contracts\\OracleAdapter.sol","s":{"1":58,"2":9,"3":47,"4":46,"5":45,"6":44,"7":44,"8":22,"9":22,"10":5,"11":5,"12":39,"13":39,"14":9,"15":8,"16":7,"17":10,"18":9,"19":9,"20":6,"21":6,"22":5,"23":4,"24":4,"25":3,"26":3,"27":2,"28":2,"29":2,"30":2,"31":11,"32":11,"33":11,"34":10,"35":2,"36":2,"37":2,"38":1,"39":48,"40":48,"41":48,"42":22,"43":48,"44":48,"45":0,"46":0,"47":48,"48":22,"49":22,"50":5,"51":4,"52":2},"b":{"1":[56,2],"2":[56,0],"3":[9,0],"4":[47,2],"5":[46,1],"6":[45,1],"7":[44,1],"8":[22,22],"9":[5,17],"10":[9,0],"11":[9,0],"12":[8,1],"13":[7,1],"14":[9,1],"15":[5,1],"16":[4,1],"17":[3,1],"18":[2,1],"19":[1,10],"20":[2,0],"21":[22,26],"22":[0,48],"23":[21,1],"24":[5,0],"25":[4,1],"26":[2,0],"27":[0,0]},"f":{"1":58,"2":9,"3":33,"4":47,"5":9,"6":6,"7":4,"8":2,"9":1,"10":48,"11":22,"12":5,"13":2,"14":0},"fnMap":{"1":{"name":"onlyFeeder","line":128,"loc":{"start":{"line":128,"column":4},"end":{"line":131,"column":4}}},"2":{"name":"circuitBreakerCheck","line":136,"loc":{"start":{"line":136,"column":4},"end":{"line":139,"column":4}}},"3":{"name":"constructor","line":145,"loc":{"start":{"line":145,"column":4},"end":{"line":149,"column":4}}},"4":{"name":"updatePrice","line":171,"loc":{"start":{"line":168,"column":4},"end":{"line":213,"column":4}}},"5":{"name":"batchUpdatePrices","line":226,"loc":{"start":{"line":223,"column":4},"end":{"line":248,"column":4}}},"6":{"name":"getPrice","line":260,"loc":{"start":{"line":260,"column":4},"end":{"line":272,"column":4}}},"7":{"name":"getTWAPPrice","line":286,"loc":{"start":{"line":286,"column":4},"end":{"line":317,"column":4}}},"8":{"name":"isAvailable","line":323,"loc":{"start":{"line":323,"column":4},"end":{"line":326,"column":4}}},"9":{"name":"getPriceHistory","line":333,"loc":{"start":{"line":333,"column":4},"end":{"line":335,"column":4}}},"10":{"name":"_updatePriceHistory","line":349,"loc":{"start":{"line":349,"column":4},"end":{"line":380,"column":4}}},"11":{"name":"_calculateDeviation","line":388,"loc":{"start":{"line":388,"column":4},"end":{"line":399,"column":4}}},"12":{"name":"setFeederAuthorization","line":413,"loc":{"start":{"line":413,"column":4},"end":{"line":417,"column":4}}},"13":{"name":"resetCircuitBreaker","line":425,"loc":{"start":{"line":425,"column":4},"end":{"line":428,"column":4}}},"14":{"name":"invalidatePrice","line":437,"loc":{"start":{"line":437,"column":4},"end":{"line":439,"column":4}}}},"statementMap":{"1":{"start":{"line":129,"column":8},"end":{"line":129,"column":95}},"2":{"start":{"line":137,"column":8},"end":{"line":137,"column":63}},"3":{"start":{"line":172,"column":8},"end":{"line":172,"column":51}},"4":{"start":{"line":173,"column":8},"end":{"line":173,"column":64}},"5":{"start":{"line":176,"column":8},"end":{"line":176,"column":63}},"6":{"start":{"line":178,"column":8},"end":{"line":178,"column":48}},"7":{"start":{"line":181,"column":8},"end":{"line":181,"column":6623}},"8":{"start":{"line":182,"column":12},"end":{"line":182,"column":73}},"9":{"start":{"line":184,"column":12},"end":{"line":184,"column":6774}},"10":{"start":{"line":189,"column":16},"end":{"line":189,"column":7044}},"11":{"start":{"line":197,"column":16},"end":{"line":197,"column":22}},"12":{"start":{"line":210,"column":8},"end":{"line":210,"column":40}},"13":{"start":{"line":212,"column":8},"end":{"line":212,"column":68}},"14":{"start":{"line":227,"column":8},"end":{"line":227,"column":75}},"15":{"start":{"line":228,"column":8},"end":{"line":228,"column":54}},"16":{"start":{"line":231,"column":12},"end":{"line":231,"column":8496}},"17":{"start":{"line":232,"column":16},"end":{"line":232,"column":67}},"18":{"start":{"line":243,"column":16},"end":{"line":243,"column":60}},"19":{"start":{"line":245,"column":16},"end":{"line":245,"column":88}},"20":{"start":{"line":263,"column":8},"end":{"line":263,"column":45}},"21":{"start":{"line":265,"column":8},"end":{"line":265,"column":51}},"22":{"start":{"line":266,"column":8},"end":{"line":266,"column":9805}},"23":{"start":{"line":271,"column":8},"end":{"line":271,"column":43}},"24":{"start":{"line":290,"column":8},"end":{"line":290,"column":66}},"25":{"start":{"line":292,"column":8},"end":{"line":292,"column":58}},"26":{"start":{"line":293,"column":8},"end":{"line":293,"column":65}},"27":{"start":{"line":295,"column":8},"end":{"line":295,"column":53}},"28":{"start":{"line":296,"column":8},"end":{"line":296,"column":31}},"29":{"start":{"line":297,"column":8},"end":{"line":297,"column":27}},"30":{"start":{"line":300,"column":8},"end":{"line":300,"column":11085}},"31":{"start":{"line":301,"column":12},"end":{"line":301,"column":50}},"32":{"start":{"line":302,"column":12},"end":{"line":302,"column":55}},"33":{"start":{"line":304,"column":12},"end":{"line":304,"column":53}},"34":{"start":{"line":306,"column":12},"end":{"line":306,"column":70}},"35":{"start":{"line":311,"column":8},"end":{"line":311,"column":55}},"36":{"start":{"line":316,"column":8},"end":{"line":316,"column":37}},"37":{"start":{"line":325,"column":8},"end":{"line":325,"column":36}},"38":{"start":{"line":334,"column":8},"end":{"line":334,"column":34}},"39":{"start":{"line":350,"column":8},"end":{"line":350,"column":58}},"40":{"start":{"line":353,"column":8},"end":{"line":353,"column":54}},"41":{"start":{"line":354,"column":8},"end":{"line":354,"column":13130}},"42":{"start":{"line":355,"column":12},"end":{"line":355,"column":76}},"43":{"start":{"line":360,"column":8},"end":{"line":360,"column":13348}},"44":{"start":{"line":367,"column":8},"end":{"line":367,"column":13562}},"45":{"start":{"line":369,"column":12},"end":{"line":369,"column":13657}},"46":{"start":{"line":372,"column":12},"end":{"line":372,"column":24}},"47":{"start":{"line":379,"column":8},"end":{"line":379,"column":61}},"48":{"start":{"line":392,"column":8},"end":{"line":392,"column":14440}},"49":{"start":{"line":398,"column":8},"end":{"line":398,"column":24}},"50":{"start":{"line":414,"column":8},"end":{"line":414,"column":62}},"51":{"start":{"line":416,"column":8},"end":{"line":416,"column":45}},"52":{"start":{"line":427,"column":8},"end":{"line":427,"column":34}}},"branchMap":{"1":{"line":129,"type":"if","locations":[{"start":{"line":129,"column":8},"end":{"line":129,"column":8}},{"start":{"line":129,"column":8},"end":{"line":129,"column":8}}]},"2":{"line":129,"type":"cond-expr","locations":[{"start":{"line":129,"column":16},"end":{"line":129,"column":44}},{"start":{"line":129,"column":49},"end":{"line":129,"column":69}}]},"3":{"line":137,"type":"if","locations":[{"start":{"line":137,"column":8},"end":{"line":137,"column":8}},{"start":{"line":137,"column":8},"end":{"line":137,"column":8}}]},"4":{"line":171,"type":"if","locations":[{"start":{"line":171,"column":15},"end":{"line":171,"column":15}},{"start":{"line":171,"column":15},"end":{"line":171,"column":15}}]},"5":{"line":172,"type":"if","locations":[{"start":{"line":172,"column":8},"end":{"line":172,"column":8}},{"start":{"line":172,"column":8},"end":{"line":172,"column":8}}]},"6":{"line":173,"type":"if","locations":[{"start":{"line":173,"column":8},"end":{"line":173,"column":8}},{"start":{"line":173,"column":8},"end":{"line":173,"column":8}}]},"7":{"line":176,"type":"if","locations":[{"start":{"line":176,"column":8},"end":{"line":176,"column":8}},{"start":{"line":176,"column":8},"end":{"line":176,"column":8}}]},"8":{"line":181,"type":"if","locations":[{"start":{"line":181,"column":8},"end":{"line":181,"column":8}},{"start":{"line":181,"column":8},"end":{"line":181,"column":8}}]},"9":{"line":184,"type":"if","locations":[{"start":{"line":184,"column":12},"end":{"line":184,"column":12}},{"start":{"line":184,"column":12},"end":{"line":184,"column":12}}]},"10":{"line":226,"type":"if","locations":[{"start":{"line":226,"column":15},"end":{"line":226,"column":15}},{"start":{"line":226,"column":15},"end":{"line":226,"column":15}}]},"11":{"line":226,"type":"if","locations":[{"start":{"line":226,"column":26},"end":{"line":226,"column":26}},{"start":{"line":226,"column":26},"end":{"line":226,"column":26}}]},"12":{"line":227,"type":"if","locations":[{"start":{"line":227,"column":8},"end":{"line":227,"column":8}},{"start":{"line":227,"column":8},"end":{"line":227,"column":8}}]},"13":{"line":228,"type":"if","locations":[{"start":{"line":228,"column":8},"end":{"line":228,"column":8}},{"start":{"line":228,"column":8},"end":{"line":228,"column":8}}]},"14":{"line":232,"type":"if","locations":[{"start":{"line":232,"column":16},"end":{"line":232,"column":16}},{"start":{"line":232,"column":16},"end":{"line":232,"column":16}}]},"15":{"line":265,"type":"if","locations":[{"start":{"line":265,"column":8},"end":{"line":265,"column":8}},{"start":{"line":265,"column":8},"end":{"line":265,"column":8}}]},"16":{"line":266,"type":"if","locations":[{"start":{"line":266,"column":8},"end":{"line":266,"column":8}},{"start":{"line":266,"column":8},"end":{"line":266,"column":8}}]},"17":{"line":290,"type":"if","locations":[{"start":{"line":290,"column":8},"end":{"line":290,"column":8}},{"start":{"line":290,"column":8},"end":{"line":290,"column":8}}]},"18":{"line":293,"type":"if","locations":[{"start":{"line":293,"column":8},"end":{"line":293,"column":8}},{"start":{"line":293,"column":8},"end":{"line":293,"column":8}}]},"19":{"line":304,"type":"if","locations":[{"start":{"line":304,"column":12},"end":{"line":304,"column":12}},{"start":{"line":304,"column":12},"end":{"line":304,"column":12}}]},"20":{"line":311,"type":"if","locations":[{"start":{"line":311,"column":8},"end":{"line":311,"column":8}},{"start":{"line":311,"column":8},"end":{"line":311,"column":8}}]},"21":{"line":354,"type":"if","locations":[{"start":{"line":354,"column":8},"end":{"line":354,"column":8}},{"start":{"line":354,"column":8},"end":{"line":354,"column":8}}]},"22":{"line":367,"type":"if","locations":[{"start":{"line":367,"column":8},"end":{"line":367,"column":8}},{"start":{"line":367,"column":8},"end":{"line":367,"column":8}}]},"23":{"line":393,"type":"if","locations":[{"start":{"line":393,"column":14},"end":{"line":393,"column":32}},{"start":{"line":394,"column":14},"end":{"line":394,"column":32}}]},"24":{"line":413,"type":"if","locations":[{"start":{"line":413,"column":74},"end":{"line":413,"column":74}},{"start":{"line":413,"column":74},"end":{"line":413,"column":74}}]},"25":{"line":414,"type":"if","locations":[{"start":{"line":414,"column":8},"end":{"line":414,"column":8}},{"start":{"line":414,"column":8},"end":{"line":414,"column":8}}]},"26":{"line":425,"type":"if","locations":[{"start":{"line":425,"column":44},"end":{"line":425,"column":44}},{"start":{"line":425,"column":44},"end":{"line":425,"column":44}}]},"27":{"line":437,"type":"if","locations":[{"start":{"line":437,"column":59},"end":{"line":437,"column":59}},{"start":{"line":437,"column":59},"end":{"line":437,"column":59}}]}}},"contracts\\PredictionMarket.sol":{"l":{"246":7,"247":7,"249":7,"250":7,"251":7,"253":7,"254":7,"257":7,"258":7,"259":7,"291":9,"292":8,"293":8,"294":8,"295":8,"296":8,"297":7,"301":7,"307":7,"313":7,"314":7,"315":7,"316":7,"320":7,"336":7,"338":7,"373":3,"375":3,"376":3,"377":3,"380":2,"381":2,"382":2,"383":2,"384":2,"388":2,"389":2,"390":2,"391":2,"393":0,"397":2,"401":2,"403":2,"405":2,"406":2,"407":2,"408":2,"409":2,"410":2,"413":2,"416":0,"419":0,"420":0,"421":0,"422":0,"423":0,"424":0,"429":2,"430":2,"431":2,"433":2,"462":1,"463":1,"464":1,"467":1,"473":1,"474":1,"477":1,"478":1,"479":1,"481":1,"510":0,"511":0,"513":0,"514":0,"515":0,"516":0,"520":0,"521":0,"523":0,"525":0,"529":0,"532":0,"533":0,"535":0,"548":2,"561":1,"572":0,"583":0,"591":0,"604":0,"605":0,"607":0,"609":0,"610":0,"612":0,"613":0,"626":0,"633":0,"648":0,"649":0,"651":0,"653":0,"661":0,"662":0,"670":0,"671":0},"path":"D:\\Predichain\\contracts\\PredictionMarket.sol","s":{"1":7,"2":7,"3":7,"4":7,"5":7,"6":9,"7":8,"8":8,"9":8,"10":8,"11":8,"12":7,"13":7,"14":7,"15":7,"16":7,"17":3,"18":3,"19":3,"20":3,"21":2,"22":2,"23":2,"24":2,"25":2,"26":2,"27":0,"28":0,"29":0,"30":2,"31":2,"32":2,"33":2,"34":1,"35":1,"36":1,"37":1,"38":1,"39":1,"40":1,"41":0,"42":0,"43":0,"44":0,"45":0,"46":0,"47":0,"48":0,"49":0,"50":0,"51":0,"52":2,"53":1,"54":0,"55":0,"56":0,"57":0,"58":0,"59":0,"60":0,"61":0,"62":0,"63":0,"64":0,"65":0,"66":0,"67":0,"68":0,"69":0,"70":0},"b":{"1":[7,0],"2":[7,0],"3":[7,0],"4":[9,0],"5":[9,0],"6":[8,1],"7":[8,0],"8":[8,0],"9":[8,0],"10":[8,0],"11":[7,1],"12":[7,0],"13":[7,0],"14":[7,0],"15":[3,0],"16":[3,0],"17":[3,0],"18":[3,0],"19":[2,1],"20":[2,0],"21":[2,0],"22":[0,0],"23":[2,0],"24":[1,0],"25":[1,0],"26":[1,0],"27":[1,0],"28":[1,0],"29":[1,0],"30":[0,0],"31":[0,0],"32":[0,0],"33":[0,0],"34":[0,0],"35":[0,0],"36":[0,0],"37":[0,0],"38":[0,0],"39":[0,0],"40":[0,0],"41":[0,0],"42":[0,0],"43":[0,0],"44":[0,0],"45":[0,0],"46":[0,0],"47":[0,0],"48":[0,0]},"f":{"1":7,"2":9,"3":3,"4":1,"5":0,"6":2,"7":1,"8":0,"9":0,"10":0,"11":0,"12":0,"13":0,"14":0,"15":0,"16":0},"fnMap":{"1":{"name":"initialize","line":245,"loc":{"start":{"line":242,"column":4},"end":{"line":260,"column":4}}},"2":{"name":"createMarket","line":289,"loc":{"start":{"line":284,"column":4},"end":{"line":346,"column":4}}},"3":{"name":"buyPosition","line":372,"loc":{"start":{"line":369,"column":4},"end":{"line":441,"column":4}}},"4":{"name":"resolveMarket","line":461,"loc":{"start":{"line":459,"column":4},"end":{"line":487,"column":4}}},"5":{"name":"claimPayout","line":509,"loc":{"start":{"line":507,"column":4},"end":{"line":536,"column":4}}},"6":{"name":"getMarket","line":547,"loc":{"start":{"line":547,"column":4},"end":{"line":549,"column":4}}},"7":{"name":"getPosition","line":557,"loc":{"start":{"line":557,"column":4},"end":{"line":562,"column":4}}},"8":{"name":"getUserCreatedMarkets","line":569,"loc":{"start":{"line":569,"column":4},"end":{"line":573,"column":4}}},"9":{"name":"getUserTradedMarkets","line":580,"loc":{"start":{"line":580,"column":4},"end":{"line":584,"column":4}}},"10":{"name":"getMarketCount","line":590,"loc":{"start":{"line":590,"column":4},"end":{"line":592,"column":4}}},"11":{"name":"calculatePotentialPayout","line":600,"loc":{"start":{"line":600,"column":4},"end":{"line":615,"column":4}}},"12":{"name":"pause","line":625,"loc":{"start":{"line":625,"column":4},"end":{"line":627,"column":4}}},"13":{"name":"unpause","line":632,"loc":{"start":{"line":632,"column":4},"end":{"line":634,"column":4}}},"14":{"name":"cancelMarket","line":647,"loc":{"start":{"line":644,"column":4},"end":{"line":654,"column":4}}},"15":{"name":"updateOracleAdapter","line":660,"loc":{"start":{"line":660,"column":4},"end":{"line":663,"column":4}}},"16":{"name":"updateTreasury","line":669,"loc":{"start":{"line":669,"column":4},"end":{"line":672,"column":4}}}},"statementMap":{"1":{"start":{"line":246,"column":8},"end":{"line":246,"column":70}},"2":{"start":{"line":247,"column":8},"end":{"line":247,"column":67}},"3":{"start":{"line":249,"column":8},"end":{"line":249,"column":33}},"4":{"start":{"line":250,"column":8},"end":{"line":250,"column":31}},"5":{"start":{"line":251,"column":8},"end":{"line":251,"column":24}},"6":{"start":{"line":291,"column":8},"end":{"line":291,"column":70}},"7":{"start":{"line":292,"column":8},"end":{"line":292,"column":66}},"8":{"start":{"line":293,"column":8},"end":{"line":293,"column":64}},"9":{"start":{"line":294,"column":8},"end":{"line":294,"column":66}},"10":{"start":{"line":295,"column":8},"end":{"line":295,"column":59}},"11":{"start":{"line":296,"column":8},"end":{"line":296,"column":82}},"12":{"start":{"line":297,"column":8},"end":{"line":297,"column":11762}},"13":{"start":{"line":301,"column":8},"end":{"line":301,"column":11896}},"14":{"start":{"line":307,"column":8},"end":{"line":307,"column":12120}},"15":{"start":{"line":336,"column":8},"end":{"line":336,"column":52}},"16":{"start":{"line":338,"column":8},"end":{"line":338,"column":13104}},"17":{"start":{"line":373,"column":8},"end":{"line":373,"column":71}},"18":{"start":{"line":375,"column":8},"end":{"line":375,"column":49}},"19":{"start":{"line":376,"column":8},"end":{"line":376,"column":73}},"20":{"start":{"line":377,"column":8},"end":{"line":377,"column":73}},"21":{"start":{"line":380,"column":8},"end":{"line":380,"column":19}},"22":{"start":{"line":381,"column":8},"end":{"line":381,"column":27}},"23":{"start":{"line":390,"column":12},"end":{"line":390,"column":14772}},"24":{"start":{"line":401,"column":8},"end":{"line":401,"column":67}},"25":{"start":{"line":403,"column":8},"end":{"line":403,"column":15170}},"26":{"start":{"line":413,"column":12},"end":{"line":413,"column":55}},"27":{"start":{"line":416,"column":12},"end":{"line":416,"column":72}},"28":{"start":{"line":419,"column":12},"end":{"line":419,"column":47}},"29":{"start":{"line":420,"column":12},"end":{"line":420,"column":33}},"30":{"start":{"line":429,"column":8},"end":{"line":429,"column":65}},"31":{"start":{"line":430,"column":8},"end":{"line":430,"column":46}},"32":{"start":{"line":431,"column":8},"end":{"line":431,"column":31}},"33":{"start":{"line":433,"column":8},"end":{"line":433,"column":16385}},"34":{"start":{"line":462,"column":8},"end":{"line":462,"column":49}},"35":{"start":{"line":463,"column":8},"end":{"line":463,"column":73}},"36":{"start":{"line":464,"column":8},"end":{"line":464,"column":84}},"37":{"start":{"line":467,"column":8},"end":{"line":467,"column":17566}},"38":{"start":{"line":473,"column":8},"end":{"line":473,"column":53}},"39":{"start":{"line":474,"column":8},"end":{"line":474,"column":76}},"40":{"start":{"line":481,"column":8},"end":{"line":481,"column":18119}},"41":{"start":{"line":510,"column":8},"end":{"line":510,"column":49}},"42":{"start":{"line":511,"column":8},"end":{"line":511,"column":77}},"43":{"start":{"line":513,"column":8},"end":{"line":513,"column":67}},"44":{"start":{"line":514,"column":8},"end":{"line":514,"column":56}},"45":{"start":{"line":515,"column":8},"end":{"line":515,"column":71}},"46":{"start":{"line":516,"column":8},"end":{"line":516,"column":59}},"47":{"start":{"line":520,"column":8},"end":{"line":520,"column":83}},"48":{"start":{"line":521,"column":8},"end":{"line":521,"column":22}},"49":{"start":{"line":532,"column":8},"end":{"line":532,"column":61}},"50":{"start":{"line":533,"column":8},"end":{"line":533,"column":49}},"51":{"start":{"line":535,"column":8},"end":{"line":535,"column":56}},"52":{"start":{"line":548,"column":8},"end":{"line":548,"column":32}},"53":{"start":{"line":561,"column":8},"end":{"line":561,"column":40}},"54":{"start":{"line":572,"column":8},"end":{"line":572,"column":39}},"55":{"start":{"line":583,"column":8},"end":{"line":583,"column":38}},"56":{"start":{"line":591,"column":8},"end":{"line":591,"column":28}},"57":{"start":{"line":604,"column":8},"end":{"line":604,"column":49}},"58":{"start":{"line":605,"column":8},"end":{"line":605,"column":61}},"59":{"start":{"line":607,"column":8},"end":{"line":607,"column":42}},"60":{"start":{"line":607,"column":34},"end":{"line":607,"column":42}},"61":{"start":{"line":609,"column":8},"end":{"line":609,"column":82}},"62":{"start":{"line":610,"column":8},"end":{"line":610,"column":40}},"63":{"start":{"line":610,"column":32},"end":{"line":610,"column":40}},"64":{"start":{"line":626,"column":8},"end":{"line":626,"column":15}},"65":{"start":{"line":633,"column":8},"end":{"line":633,"column":17}},"66":{"start":{"line":648,"column":8},"end":{"line":648,"column":49}},"67":{"start":{"line":649,"column":8},"end":{"line":649,"column":73}},"68":{"start":{"line":653,"column":8},"end":{"line":653,"column":46}},"69":{"start":{"line":661,"column":8},"end":{"line":661,"column":65}},"70":{"start":{"line":670,"column":8},"end":{"line":670,"column":69}}},"branchMap":{"1":{"line":245,"type":"if","locations":[{"start":{"line":245,"column":15},"end":{"line":245,"column":15}},{"start":{"line":245,"column":15},"end":{"line":245,"column":15}}]},"2":{"line":246,"type":"if","locations":[{"start":{"line":246,"column":8},"end":{"line":246,"column":8}},{"start":{"line":246,"column":8},"end":{"line":246,"column":8}}]},"3":{"line":247,"type":"if","locations":[{"start":{"line":247,"column":8},"end":{"line":247,"column":8}},{"start":{"line":247,"column":8},"end":{"line":247,"column":8}}]},"4":{"line":289,"type":"if","locations":[{"start":{"line":289,"column":15},"end":{"line":289,"column":15}},{"start":{"line":289,"column":15},"end":{"line":289,"column":15}}]},"5":{"line":289,"type":"if","locations":[{"start":{"line":289,"column":29},"end":{"line":289,"column":29}},{"start":{"line":289,"column":29},"end":{"line":289,"column":29}}]},"6":{"line":291,"type":"if","locations":[{"start":{"line":291,"column":8},"end":{"line":291,"column":8}},{"start":{"line":291,"column":8},"end":{"line":291,"column":8}}]},"7":{"line":292,"type":"if","locations":[{"start":{"line":292,"column":8},"end":{"line":292,"column":8}},{"start":{"line":292,"column":8},"end":{"line":292,"column":8}}]},"8":{"line":293,"type":"if","locations":[{"start":{"line":293,"column":8},"end":{"line":293,"column":8}},{"start":{"line":293,"column":8},"end":{"line":293,"column":8}}]},"9":{"line":294,"type":"if","locations":[{"start":{"line":294,"column":8},"end":{"line":294,"column":8}},{"start":{"line":294,"column":8},"end":{"line":294,"column":8}}]},"10":{"line":295,"type":"if","locations":[{"start":{"line":295,"column":8},"end":{"line":295,"column":8}},{"start":{"line":295,"column":8},"end":{"line":295,"column":8}}]},"11":{"line":296,"type":"if","locations":[{"start":{"line":296,"column":8},"end":{"line":296,"column":8}},{"start":{"line":296,"column":8},"end":{"line":296,"column":8}}]},"12":{"line":297,"type":"if","locations":[{"start":{"line":297,"column":8},"end":{"line":297,"column":8}},{"start":{"line":297,"column":8},"end":{"line":297,"column":8}}]},"13":{"line":301,"type":"if","locations":[{"start":{"line":301,"column":8},"end":{"line":301,"column":8}},{"start":{"line":301,"column":8},"end":{"line":301,"column":8}}]},"14":{"line":307,"type":"if","locations":[{"start":{"line":307,"column":8},"end":{"line":307,"column":8}},{"start":{"line":307,"column":8},"end":{"line":307,"column":8}}]},"15":{"line":372,"type":"if","locations":[{"start":{"line":372,"column":23},"end":{"line":372,"column":23}},{"start":{"line":372,"column":23},"end":{"line":372,"column":23}}]},"16":{"line":372,"type":"if","locations":[{"start":{"line":372,"column":37},"end":{"line":372,"column":37}},{"start":{"line":372,"column":37},"end":{"line":372,"column":37}}]},"17":{"line":373,"type":"if","locations":[{"start":{"line":373,"column":8},"end":{"line":373,"column":8}},{"start":{"line":373,"column":8},"end":{"line":373,"column":8}}]},"18":{"line":376,"type":"if","locations":[{"start":{"line":376,"column":8},"end":{"line":376,"column":8}},{"start":{"line":376,"column":8},"end":{"line":376,"column":8}}]},"19":{"line":377,"type":"if","locations":[{"start":{"line":377,"column":8},"end":{"line":377,"column":8}},{"start":{"line":377,"column":8},"end":{"line":377,"column":8}}]},"20":{"line":390,"type":"if","locations":[{"start":{"line":390,"column":12},"end":{"line":390,"column":12}},{"start":{"line":390,"column":12},"end":{"line":390,"column":12}}]},"21":{"line":403,"type":"if","locations":[{"start":{"line":403,"column":8},"end":{"line":403,"column":8}},{"start":{"line":403,"column":8},"end":{"line":403,"column":8}}]},"22":{"line":416,"type":"if","locations":[{"start":{"line":416,"column":12},"end":{"line":416,"column":12}},{"start":{"line":416,"column":12},"end":{"line":416,"column":12}}]},"23":{"line":430,"type":"if","locations":[{"start":{"line":430,"column":8},"end":{"line":430,"column":8}},{"start":{"line":430,"column":8},"end":{"line":430,"column":8}}]},"24":{"line":461,"type":"if","locations":[{"start":{"line":461,"column":15},"end":{"line":461,"column":15}},{"start":{"line":461,"column":15},"end":{"line":461,"column":15}}]},"25":{"line":461,"type":"if","locations":[{"start":{"line":461,"column":29},"end":{"line":461,"column":29}},{"start":{"line":461,"column":29},"end":{"line":461,"column":29}}]},"26":{"line":463,"type":"if","locations":[{"start":{"line":463,"column":8},"end":{"line":463,"column":8}},{"start":{"line":463,"column":8},"end":{"line":463,"column":8}}]},"27":{"line":464,"type":"if","locations":[{"start":{"line":464,"column":8},"end":{"line":464,"column":8}},{"start":{"line":464,"column":8},"end":{"line":464,"column":8}}]},"28":{"line":473,"type":"if","locations":[{"start":{"line":473,"column":8},"end":{"line":473,"column":8}},{"start":{"line":473,"column":8},"end":{"line":473,"column":8}}]},"29":{"line":474,"type":"if","locations":[{"start":{"line":474,"column":8},"end":{"line":474,"column":8}},{"start":{"line":474,"column":8},"end":{"line":474,"column":8}}]},"30":{"line":509,"type":"if","locations":[{"start":{"line":509,"column":15},"end":{"line":509,"column":15}},{"start":{"line":509,"column":15},"end":{"line":509,"column":15}}]},"31":{"line":509,"type":"if","locations":[{"start":{"line":509,"column":29},"end":{"line":509,"column":29}},{"start":{"line":509,"column":29},"end":{"line":509,"column":29}}]},"32":{"line":511,"type":"if","locations":[{"start":{"line":511,"column":8},"end":{"line":511,"column":8}},{"start":{"line":511,"column":8},"end":{"line":511,"column":8}}]},"33":{"line":514,"type":"if","locations":[{"start":{"line":514,"column":8},"end":{"line":514,"column":8}},{"start":{"line":514,"column":8},"end":{"line":514,"column":8}}]},"34":{"line":515,"type":"if","locations":[{"start":{"line":515,"column":8},"end":{"line":515,"column":8}},{"start":{"line":515,"column":8},"end":{"line":515,"column":8}}]},"35":{"line":516,"type":"if","locations":[{"start":{"line":516,"column":8},"end":{"line":516,"column":8}},{"start":{"line":516,"column":8},"end":{"line":516,"column":8}}]},"36":{"line":520,"type":"if","locations":[{"start":{"line":520,"column":49},"end":{"line":520,"column":64}},{"start":{"line":520,"column":68},"end":{"line":520,"column":82}}]},"37":{"line":533,"type":"if","locations":[{"start":{"line":533,"column":8},"end":{"line":533,"column":8}},{"start":{"line":533,"column":8},"end":{"line":533,"column":8}}]},"38":{"line":607,"type":"if","locations":[{"start":{"line":607,"column":8},"end":{"line":607,"column":8}},{"start":{"line":607,"column":8},"end":{"line":607,"column":8}}]},"39":{"line":609,"type":"if","locations":[{"start":{"line":609,"column":48},"end":{"line":609,"column":63}},{"start":{"line":609,"column":67},"end":{"line":609,"column":81}}]},"40":{"line":610,"type":"if","locations":[{"start":{"line":610,"column":8},"end":{"line":610,"column":8}},{"start":{"line":610,"column":8},"end":{"line":610,"column":8}}]},"41":{"line":625,"type":"if","locations":[{"start":{"line":625,"column":30},"end":{"line":625,"column":30}},{"start":{"line":625,"column":30},"end":{"line":625,"column":30}}]},"42":{"line":632,"type":"if","locations":[{"start":{"line":632,"column":32},"end":{"line":632,"column":32}},{"start":{"line":632,"column":32},"end":{"line":632,"column":32}}]},"43":{"line":647,"type":"if","locations":[{"start":{"line":647,"column":15},"end":{"line":647,"column":15}},{"start":{"line":647,"column":15},"end":{"line":647,"column":15}}]},"44":{"line":649,"type":"if","locations":[{"start":{"line":649,"column":8},"end":{"line":649,"column":8}},{"start":{"line":649,"column":8},"end":{"line":649,"column":8}}]},"45":{"line":660,"type":"if","locations":[{"start":{"line":660,"column":61},"end":{"line":660,"column":61}},{"start":{"line":660,"column":61},"end":{"line":660,"column":61}}]},"46":{"line":661,"type":"if","locations":[{"start":{"line":661,"column":8},"end":{"line":661,"column":8}},{"start":{"line":661,"column":8},"end":{"line":661,"column":8}}]},"47":{"line":669,"type":"if","locations":[{"start":{"line":669,"column":58},"end":{"line":669,"column":58}},{"start":{"line":669,"column":58},"end":{"line":669,"column":58}}]},"48":{"line":670,"type":"if","locations":[{"start":{"line":670,"column":8},"end":{"line":670,"column":8}},{"start":{"line":670,"column":8},"end":{"line":670,"column":8}}]}}},"contracts\\Treasury.sol":{"l":{"111":28,"112":28,"113":28,"130":8,"132":7,"133":7,"136":7,"160":6,"161":5,"162":4,"164":3,"165":3,"168":3,"169":3,"171":3,"189":7,"190":7,"191":7,"194":7,"199":7,"206":7,"228":4,"230":4,"231":4,"232":3,"236":2,"239":2,"241":2,"242":2,"246":2,"247":2,"249":2,"262":1,"264":1,"265":1,"268":1,"270":1,"282":2,"293":1,"304":2,"306":2,"307":0,"310":2,"328":3,"329":1,"331":1,"332":1,"334":1},"path":"D:\\Predichain\\contracts\\Treasury.sol","s":{"1":8,"2":7,"3":6,"4":5,"5":4,"6":3,"7":3,"8":3,"9":7,"10":7,"11":7,"12":7,"13":4,"14":4,"15":4,"16":3,"17":2,"18":2,"19":2,"20":2,"21":1,"22":1,"23":1,"24":1,"25":2,"26":1,"27":2,"28":2,"29":0,"30":2,"31":3,"32":1,"33":1,"34":1},"b":{"1":[8,0],"2":[7,1],"3":[6,1],"4":[6,0],"5":[5,1],"6":[4,1],"7":[3,1],"8":[3,0],"9":[7,0],"10":[7,0],"11":[7,0],"12":[7,0],"13":[4,0],"14":[4,0],"15":[4,0],"16":[3,1],"17":[2,1],"18":[2,0],"19":[2,0],"20":[1,0],"21":[1,0],"22":[1,0],"23":[0,2],"24":[0,0],"25":[3,1],"26":[1,2],"27":[1,0]},"f":{"1":28,"2":8,"3":6,"4":7,"5":4,"6":1,"7":2,"8":1,"9":2,"10":3},"fnMap":{"1":{"name":"constructor","line":110,"loc":{"start":{"line":110,"column":4},"end":{"line":114,"column":4}}},"2":{"name":"collectFee","line":129,"loc":{"start":{"line":129,"column":4},"end":{"line":137,"column":4}}},"3":{"name":"distributeFees","line":159,"loc":{"start":{"line":155,"column":4},"end":{"line":172,"column":4}}},"4":{"name":"requestWithdrawal","line":188,"loc":{"start":{"line":185,"column":4},"end":{"line":212,"column":4}}},"5":{"name":"executeWithdrawal","line":227,"loc":{"start":{"line":225,"column":4},"end":{"line":250,"column":4}}},"6":{"name":"cancelWithdrawal","line":261,"loc":{"start":{"line":261,"column":4},"end":{"line":271,"column":4}}},"7":{"name":"getBalance","line":281,"loc":{"start":{"line":281,"column":4},"end":{"line":283,"column":4}}},"8":{"name":"getWithdrawalRequest","line":290,"loc":{"start":{"line":290,"column":4},"end":{"line":294,"column":4}}},"9":{"name":"isWithdrawalReady","line":301,"loc":{"start":{"line":301,"column":4},"end":{"line":311,"column":4}}},"10":{"name":"setFeeRate","line":327,"loc":{"start":{"line":327,"column":4},"end":{"line":335,"column":4}}}},"statementMap":{"1":{"start":{"line":130,"column":8},"end":{"line":130,"column":53}},"2":{"start":{"line":136,"column":8},"end":{"line":136,"column":62}},"3":{"start":{"line":160,"column":8},"end":{"line":160,"column":60}},"4":{"start":{"line":161,"column":8},"end":{"line":161,"column":53}},"5":{"start":{"line":162,"column":8},"end":{"line":162,"column":71}},"6":{"start":{"line":168,"column":8},"end":{"line":168,"column":60}},"7":{"start":{"line":169,"column":8},"end":{"line":169,"column":42}},"8":{"start":{"line":171,"column":8},"end":{"line":171,"column":55}},"9":{"start":{"line":189,"column":8},"end":{"line":189,"column":60}},"10":{"start":{"line":190,"column":8},"end":{"line":190,"column":53}},"11":{"start":{"line":191,"column":8},"end":{"line":191,"column":71}},"12":{"start":{"line":206,"column":8},"end":{"line":206,"column":7030}},"13":{"start":{"line":228,"column":8},"end":{"line":228,"column":73}},"14":{"start":{"line":230,"column":8},"end":{"line":230,"column":65}},"15":{"start":{"line":231,"column":8},"end":{"line":231,"column":53}},"16":{"start":{"line":232,"column":8},"end":{"line":232,"column":7870}},"17":{"start":{"line":236,"column":8},"end":{"line":236,"column":79}},"18":{"start":{"line":246,"column":8},"end":{"line":246,"column":76}},"19":{"start":{"line":247,"column":8},"end":{"line":247,"column":42}},"20":{"start":{"line":249,"column":8},"end":{"line":249,"column":77}},"21":{"start":{"line":262,"column":8},"end":{"line":262,"column":73}},"22":{"start":{"line":264,"column":8},"end":{"line":264,"column":65}},"23":{"start":{"line":265,"column":8},"end":{"line":265,"column":53}},"24":{"start":{"line":270,"column":8},"end":{"line":270,"column":43}},"25":{"start":{"line":282,"column":8},"end":{"line":282,"column":36}},"26":{"start":{"line":293,"column":8},"end":{"line":293,"column":44}},"27":{"start":{"line":304,"column":8},"end":{"line":304,"column":73}},"28":{"start":{"line":306,"column":8},"end":{"line":306,"column":10416}},"29":{"start":{"line":307,"column":12},"end":{"line":307,"column":24}},"30":{"start":{"line":310,"column":8},"end":{"line":310,"column":75}},"31":{"start":{"line":328,"column":8},"end":{"line":328,"column":74}},"32":{"start":{"line":329,"column":8},"end":{"line":329,"column":79}},"33":{"start":{"line":331,"column":8},"end":{"line":331,"column":41}},"34":{"start":{"line":334,"column":8},"end":{"line":334,"column":56}}},"branchMap":{"1":{"line":129,"type":"if","locations":[{"start":{"line":129,"column":49},"end":{"line":129,"column":49}},{"start":{"line":129,"column":49},"end":{"line":129,"column":49}}]},"2":{"line":130,"type":"if","locations":[{"start":{"line":130,"column":8},"end":{"line":130,"column":8}},{"start":{"line":130,"column":8},"end":{"line":130,"column":8}}]},"3":{"line":159,"type":"if","locations":[{"start":{"line":159,"column":15},"end":{"line":159,"column":15}},{"start":{"line":159,"column":15},"end":{"line":159,"column":15}}]},"4":{"line":159,"type":"if","locations":[{"start":{"line":159,"column":25},"end":{"line":159,"column":25}},{"start":{"line":159,"column":25},"end":{"line":159,"column":25}}]},"5":{"line":160,"type":"if","locations":[{"start":{"line":160,"column":8},"end":{"line":160,"column":8}},{"start":{"line":160,"column":8},"end":{"line":160,"column":8}}]},"6":{"line":161,"type":"if","locations":[{"start":{"line":161,"column":8},"end":{"line":161,"column":8}},{"start":{"line":161,"column":8},"end":{"line":161,"column":8}}]},"7":{"line":162,"type":"if","locations":[{"start":{"line":162,"column":8},"end":{"line":162,"column":8}},{"start":{"line":162,"column":8},"end":{"line":162,"column":8}}]},"8":{"line":169,"type":"if","locations":[{"start":{"line":169,"column":8},"end":{"line":169,"column":8}},{"start":{"line":169,"column":8},"end":{"line":169,"column":8}}]},"9":{"line":188,"type":"if","locations":[{"start":{"line":188,"column":15},"end":{"line":188,"column":15}},{"start":{"line":188,"column":15},"end":{"line":188,"column":15}}]},"10":{"line":189,"type":"if","locations":[{"start":{"line":189,"column":8},"end":{"line":189,"column":8}},{"start":{"line":189,"column":8},"end":{"line":189,"column":8}}]},"11":{"line":190,"type":"if","locations":[{"start":{"line":190,"column":8},"end":{"line":190,"column":8}},{"start":{"line":190,"column":8},"end":{"line":190,"column":8}}]},"12":{"line":191,"type":"if","locations":[{"start":{"line":191,"column":8},"end":{"line":191,"column":8}},{"start":{"line":191,"column":8},"end":{"line":191,"column":8}}]},"13":{"line":227,"type":"if","locations":[{"start":{"line":227,"column":15},"end":{"line":227,"column":15}},{"start":{"line":227,"column":15},"end":{"line":227,"column":15}}]},"14":{"line":227,"type":"if","locations":[{"start":{"line":227,"column":25},"end":{"line":227,"column":25}},{"start":{"line":227,"column":25},"end":{"line":227,"column":25}}]},"15":{"line":230,"type":"if","locations":[{"start":{"line":230,"column":8},"end":{"line":230,"column":8}},{"start":{"line":230,"column":8},"end":{"line":230,"column":8}}]},"16":{"line":231,"type":"if","locations":[{"start":{"line":231,"column":8},"end":{"line":231,"column":8}},{"start":{"line":231,"column":8},"end":{"line":231,"column":8}}]},"17":{"line":232,"type":"if","locations":[{"start":{"line":232,"column":8},"end":{"line":232,"column":8}},{"start":{"line":232,"column":8},"end":{"line":232,"column":8}}]},"18":{"line":236,"type":"if","locations":[{"start":{"line":236,"column":8},"end":{"line":236,"column":8}},{"start":{"line":236,"column":8},"end":{"line":236,"column":8}}]},"19":{"line":247,"type":"if","locations":[{"start":{"line":247,"column":8},"end":{"line":247,"column":8}},{"start":{"line":247,"column":8},"end":{"line":247,"column":8}}]},"20":{"line":261,"type":"if","locations":[{"start":{"line":261,"column":58},"end":{"line":261,"column":58}},{"start":{"line":261,"column":58},"end":{"line":261,"column":58}}]},"21":{"line":264,"type":"if","locations":[{"start":{"line":264,"column":8},"end":{"line":264,"column":8}},{"start":{"line":264,"column":8},"end":{"line":264,"column":8}}]},"22":{"line":265,"type":"if","locations":[{"start":{"line":265,"column":8},"end":{"line":265,"column":8}},{"start":{"line":265,"column":8},"end":{"line":265,"column":8}}]},"23":{"line":306,"type":"if","locations":[{"start":{"line":306,"column":8},"end":{"line":306,"column":8}},{"start":{"line":306,"column":8},"end":{"line":306,"column":8}}]},"24":{"line":306,"type":"cond-expr","locations":[{"start":{"line":306,"column":12},"end":{"line":306,"column":35}},{"start":{"line":306,"column":40},"end":{"line":306,"column":55}}]},"25":{"line":327,"type":"if","locations":[{"start":{"line":327,"column":61},"end":{"line":327,"column":61}},{"start":{"line":327,"column":61},"end":{"line":327,"column":61}}]},"26":{"line":328,"type":"if","locations":[{"start":{"line":328,"column":8},"end":{"line":328,"column":8}},{"start":{"line":328,"column":8},"end":{"line":328,"column":8}}]},"27":{"line":329,"type":"if","locations":[{"start":{"line":329,"column":8},"end":{"line":329,"column":8}},{"start":{"line":329,"column":8},"end":{"line":329,"column":8}}]}}}}